48 0 1 2 4 5 6 8 10 11 12 14 15 18 19 20 21 22 23 25 26 30 36 38 41 42 43 49 51 60 68 88 96 101 114 140 141 148 160 169 179 197 198 208 256 259 260 262 286
45 3 7 13 16 27 28 29 31 32 33 35 37 45 50 54 56 64 67 72 78 80 81 92 97 98 102 103 105 134 154 158 162 167 171 174 176 187 223 227 234 238 251 272 291 297
33 39 40 47 48 55 57 58 62 63 70 71 74 75 87 94 104 116 118 121 165 178 180 184 189 202 203 209 214 232 235 252 261 263
18 59 76 77 79 83 85 137 142 149 163 194 195 213 215 224 243 257 265
32 61 65 69 73 89 90 91 110 112 120 123 124 128 132 135 157 185 186 191 192 196 200 212 218 225 229 237 240 267 270 279 282
18 82 84 117 126 129 130 138 145 150 152 181 183 217 245 254 255 276 277
22 93 95 106 122 125 127 131 136 139 143 151 159 173 175 177 204 206 210 211 220 236 289
19 107 111 119 133 144 155 156 164 170 188 199 216 226 233 247 271 273 275 285
16 108 113 146 147 153 161 168 207 221 230 248 250 268 283 295 296
5 182 190 244 258 294
9 201 205 219 231 239 249 269 284 287
7 228 241 242 246 253 264 280
4 266 274 288 293
4 278 290 292 298
1 281
0
0
0
0
0
0
0
0
0
0
0
0
0
0
0
0
0
0
0
0
0
0
0
0
0
0
0
0
0
0
0
0
0
0
0
0
0
0
0
0
0
0
0
0
0
0
0
0
0
0
0
0
0
0
0
0
0
0
0
0
0
0
0
0
0
0
0
0
0
0
0
0
0
0
0
0
0
0
0
0
0
0
0
0
0
